1612507876364	geckodriver	INFO	Listening on 127.0.0.1:51862
1612507877319	mozrunner::runner	INFO	Running command: "/Applications/Firefox.app/Contents/MacOS/firefox-bin" "--marionette" "-foreground" "-no-remote" "-profile" "/var/folders/4h/49ytp1p10msfq4lmgf9vjt1r0000gn/T/rust_mozprofilehFzhTt"
console.warn: SearchSettings: "get: No settings file exists, new profile?" (new Error("", "(unknown module)"))
1612507888292	Marionette	INFO	Listening on port 51882
1612507888412	Marionette	WARN	TLS certificate errors will be ignored for this session
1612508188578	Marionette	INFO	Stopped listening on port 51882

###!!! [Parent][RunMessage] Error: Channel closing: too late to send/recv, messages will be lost

1612508988145	geckodriver	INFO	Listening on 127.0.0.1:52188
1612508989169	mozrunner::runner	INFO	Running command: "/Applications/Firefox.app/Contents/MacOS/firefox-bin" "--marionette" "-foreground" "-no-remote" "-profile" "/var/folders/4h/49ytp1p10msfq4lmgf9vjt1r0000gn/T/rust_mozprofilelquCWf"
console.warn: SearchSettings: "get: No settings file exists, new profile?" (new Error("", "(unknown module)"))
1612508994725	Marionette	INFO	Listening on port 52207
1612508994879	Marionette	WARN	TLS certificate errors will be ignored for this session
1612509027041	Marionette	INFO	Stopped listening on port 52207

###!!! [Parent][RunMessage] Error: Channel closing: too late to send/recv, messages will be lost

1612509174503	geckodriver	INFO	Listening on 127.0.0.1:52369
1612509174514	mozrunner::runner	INFO	Running command: "/Applications/Firefox.app/Contents/MacOS/firefox-bin" "--marionette" "-foreground" "-no-remote" "-profile" "/var/folders/4h/49ytp1p10msfq4lmgf9vjt1r0000gn/T/rust_mozprofileXdaaEF"
console.warn: SearchSettings: "get: No settings file exists, new profile?" (new Error("", "(unknown module)"))
1612509178088	Marionette	INFO	Listening on port 52380
1612509178157	Marionette	WARN	TLS certificate errors will be ignored for this session
1612509233388	Marionette	WARN	TimedPromise timed out after 500 ms: stacktrace:
TimedPromise/<@chrome://marionette/content/sync.js:235:19
TimedPromise@chrome://marionette/content/sync.js:220:10
interaction.flushEventLoop@chrome://marionette/content/interaction.js:418:10
webdriverClickElement@chrome://marionette/content/interaction.js:179:31
1612509233606	Marionette	INFO	Stopped listening on port 52380

###!!! [Parent][RunMessage] Error: Channel closing: too late to send/recv, messages will be lost

1612509854296	geckodriver	INFO	Listening on 127.0.0.1:52528
1612509854306	mozrunner::runner	INFO	Running command: "/Applications/Firefox.app/Contents/MacOS/firefox-bin" "--marionette" "-foreground" "-no-remote" "-profile" "/var/folders/4h/49ytp1p10msfq4lmgf9vjt1r0000gn/T/rust_mozprofileS8lZpn"
console.warn: SearchSettings: "get: No settings file exists, new profile?" (new Error("", "(unknown module)"))
1612509858280	Marionette	INFO	Listening on port 52539
1612509858345	Marionette	WARN	TLS certificate errors will be ignored for this session
1612509858421	Marionette	INFO	Stopped listening on port 52539
JavaScript error: resource://activity-stream/lib/ASRouter.jsm, line 987: NS_ERROR_ILLEGAL_VALUE: Component returned failure code: 0x80070057 (NS_ERROR_ILLEGAL_VALUE) [nsIObserverService.removeObserver]
console.error: Region.jsm: "Error fetching region" (new TypeError("NetworkError when attempting to fetch resource.", ""))
console.error: Region.jsm: "Failed to fetch region" (new Error("NO_RESULT", "resource://gre/modules/Region.jsm", 376))

###!!! [Parent][RunMessage] Error: Channel closing: too late to send/recv, messages will be lost

